<?xml version="1.0" encoding="UTF-8"?>
<testng-results skipped="0" failed="0" ignored="0" total="1" passed="1">
  <reporter-output>
  </reporter-output>
  <suite name="Default suite" duration-ms="18149" started-at="2019-10-01T17:17:47Z" finished-at="2019-10-01T17:18:05Z">
    <groups>
    </groups>
    <test name="Default test" duration-ms="18149" started-at="2019-10-01T17:17:47Z" finished-at="2019-10-01T17:18:05Z">
      <class name="com.crm.qa.testcases.LoginPageTest">
        <test-method status="PASS" signature="setUp()[pri:0, instance:com.crm.qa.testcases.LoginPageTest@cb5822]" name="setUp" is-config="true" duration-ms="11918" started-at="2019-10-01T22:47:47Z" finished-at="2019-10-01T22:47:59Z">
          <reporter-output>
          </reporter-output>
        </test-method> <!-- setUp -->
        <test-method status="PASS" signature="loginTest()[pri:0, instance:com.crm.qa.testcases.LoginPageTest@cb5822]" name="loginTest" duration-ms="5178" started-at="2019-10-01T22:47:59Z" finished-at="2019-10-01T22:48:04Z">
          <reporter-output>
          </reporter-output>
        </test-method> <!-- loginTest -->
        <test-method status="PASS" signature="tearDown()[pri:0, instance:com.crm.qa.testcases.LoginPageTest@cb5822]" name="tearDown" is-config="true" duration-ms="1036" started-at="2019-10-01T22:48:04Z" finished-at="2019-10-01T22:48:05Z">
          <reporter-output>
          </reporter-output>
        </test-method> <!-- tearDown -->
      </class> <!-- com.crm.qa.testcases.LoginPageTest -->
    </test> <!-- Default test -->
  </suite> <!-- Default suite -->
</testng-results>
